<?xml version="1.0" encoding="UTF-8"?>
<testng-results skipped="0" failed="0" total="1" passed="1">
  <reporter-output>
  </reporter-output>
  <suite name="Default suite" duration-ms="31204" started-at="2022-07-31T03:59:22Z" finished-at="2022-07-31T03:59:53Z">
    <groups>
    </groups>
    <test name="Default test" duration-ms="31204" started-at="2022-07-31T03:59:22Z" finished-at="2022-07-31T03:59:53Z">
      <class name="com.browserstack.run_second_test.SecondTest">
        <test-method status="PASS" signature="setUp()[pri:0, instance:com.browserstack.run_second_test.SecondTest@464bee09]" name="setUp" is-config="true" duration-ms="24226" started-at="2022-07-31T10:59:22Z" finished-at="2022-07-31T10:59:46Z">
          <reporter-output>
          </reporter-output>
        </test-method> <!-- setUp -->
        <test-method status="PASS" signature="test()[pri:0, instance:com.browserstack.run_second_test.SecondTest@464bee09]" name="test" duration-ms="5320" started-at="2022-07-31T10:59:46Z" finished-at="2022-07-31T10:59:51Z">
          <reporter-output>
          </reporter-output>
        </test-method> <!-- test -->
        <test-method status="PASS" signature="tearDown()[pri:0, instance:com.browserstack.run_second_test.SecondTest@464bee09]" name="tearDown" is-config="true" duration-ms="1647" started-at="2022-07-31T10:59:51Z" finished-at="2022-07-31T10:59:53Z">
          <reporter-output>
          </reporter-output>
        </test-method> <!-- tearDown -->
      </class> <!-- com.browserstack.run_second_test.SecondTest -->
    </test> <!-- Default test -->
  </suite> <!-- Default suite -->
</testng-results>
